<?xml version="1.0" encoding="UTF-8"?>
<!-- Generated by org.testng.reporters.JUnitReportReporter -->
<testsuite skipped="0" hostname="LAPTOP-GCEONBV6" name="HappyFox.test.LoginTest" tests="1" failures="0" timestamp="20 Dec 2020 15:40:14 GMT" time="46.216" errors="0">
  <testcase name="enterlogindetails" time="46.216" classname="HappyFox.test.LoginTest"/>
</testsuite> <!-- HappyFox.test.LoginTest -->
